<?xml version="1.0" encoding="UTF-8"?>
<!-- Generated by org.testng.reporters.JUnitXMLReporter -->
<testsuite hostname="DESKTOP-SAYAK" ignored="0" name="Test" tests="1" failures="1" timestamp="2019-09-09T10:59:20 IST" time="51.05" errors="0">
  <testcase name="xPathClick" time="0.098" classname="com.testCases.FbSignUp">
    <failure type="java.lang.NullPointerException">
      <![CDATA[java.lang.NullPointerException
at com.ObjectRepository.FbXpath.nameFirst(FbXpath.java:56)
at com.testCases.FbSignUp.xPathClick(FbSignUp.java:20)
at java.util.ArrayList.forEach(ArrayList.java:1257)
at java.util.concurrent.FutureTask.run(FutureTask.java:266)
at java.util.concurrent.ThreadPoolExecutor.runWorker(ThreadPoolExecutor.java:1149)
at java.util.concurrent.ThreadPoolExecutor$Worker.run(ThreadPoolExecutor.java:624)
at java.lang.Thread.run(Thread.java:748)
... Removed 18 stack frames]]>
    </failure>
  </testcase> <!-- xPathClick -->
</testsuite> <!-- Test -->
