<?xml version="1.0" encoding="UTF-8"?>
<!-- Generated by org.testng.reporters.JUnitXMLReporter -->
<testsuite hostname="DESKTOP-SAYAK" ignored="0" name="Test" tests="1" failures="0" timestamp="2019-09-09T22:37:04 IST" time="10.832" errors="0">
  <testcase name="@BeforeMethod configBM" time="6.948" classname="com.genericLib.BaseClass">
    <failure type="org.openqa.selenium.NoSuchElementException" message="Cannot locate an element using name=email
For documentation on this error, please visit: https://www.seleniumhq.org/exceptions/no_such_element.html
Build info: version: &amp;apos;3.141.59&amp;apos;, revision: &amp;apos;e82be7d358&amp;apos;, time: &amp;apos;2018-11-14T08:25:48&amp;apos;
System info: host: &amp;apos;DESKTOP-SAYAK&amp;apos;, ip: &amp;apos;127.0.0.1&amp;apos;, os.name: &amp;apos;Windows 10&amp;apos;, os.arch: &amp;apos;amd64&amp;apos;, os.version: &amp;apos;10.0&amp;apos;, java.version: &amp;apos;1.8.0_211&amp;apos;
Driver info: driver.version: RemoteWebDriver">
      <![CDATA[org.openqa.selenium.NoSuchElementException: Cannot locate an element using name=email
For documentation on this error, please visit: https://www.seleniumhq.org/exceptions/no_such_element.html
Build info: version: '3.141.59', revision: 'e82be7d358', time: '2018-11-14T08:25:48'
System info: host: 'DESKTOP-SAYAK', ip: '127.0.0.1', os.name: 'Windows 10', os.arch: 'amd64', os.version: '10.0', java.version: '1.8.0_211'
Driver info: driver.version: RemoteWebDriver
at org.openqa.selenium.remote.RemoteWebDriver.findElement(RemoteWebDriver.java:327)
at org.openqa.selenium.remote.RemoteWebDriver.findElementByName(RemoteWebDriver.java:404)
at org.openqa.selenium.By$ByName.findElement(By.java:284)
at org.openqa.selenium.remote.RemoteWebDriver.findElement(RemoteWebDriver.java:315)
at org.openqa.selenium.support.pagefactory.DefaultElementLocator.findElement(DefaultElementLocator.java:69)
at org.openqa.selenium.support.pagefactory.internal.LocatingElementHandler.invoke(LocatingElementHandler.java:38)
at com.sun.proxy.$Proxy12.sendKeys(Unknown Source)
at com.ObjectRepository.FbXpath.emailOrPhone(FbXpath.java:38)
at com.ObjectRepository.LoginFB.loginUID(LoginFB.java:19)
at com.genericLib.BaseClass.configBM(BaseClass.java:40)
at java.util.ArrayList.forEach(ArrayList.java:1257)
at java.util.concurrent.FutureTask.run(FutureTask.java:266)
at java.util.concurrent.ThreadPoolExecutor.runWorker(ThreadPoolExecutor.java:1149)
at java.util.concurrent.ThreadPoolExecutor$Worker.run(ThreadPoolExecutor.java:624)
at java.lang.Thread.run(Thread.java:748)
... Removed 22 stack frames]]>
    </failure>
  </testcase> <!-- @BeforeMethod configBM -->
  <testcase name="@AfterMethod configAM" time="-1.568048824396E9" classname="com.genericLib.BaseClass">
    <skipped/>
  </testcase> <!-- @AfterMethod configAM -->
  <testcase name="@AfterClass configAC" time="-1.568048824403E9" classname="com.genericLib.BaseClass">
    <skipped/>
  </testcase> <!-- @AfterClass configAC -->
  <testcase name="xPathClick" time="0.0" classname="com.testCases.FbSignUp">
    <skipped/>
  </testcase> <!-- xPathClick -->
</testsuite> <!-- Test -->
