<?xml version="1.0" encoding="UTF-8"?>
<!-- Generated by org.testng.reporters.JUnitXMLReporter -->
<testsuite hostname="DESKTOP-SAYAK" ignored="0" name="Test" tests="1" failures="1" timestamp="2019-09-06T09:06:26 IST" time="32.494" errors="0">
  <testcase name="newerIcTest" time="0.514" classname="com.testCases.HomeButtonClick">
    <failure type="java.lang.NullPointerException">
      <![CDATA[java.lang.NullPointerException
at com.ObjectRepository.FbXpath.clickHome(FbXpath.java:42)
at com.testCases.HomeButtonClick.newerIcTest(HomeButtonClick.java:16)
at java.util.ArrayList.forEach(ArrayList.java:1257)
at java.util.concurrent.FutureTask.run(FutureTask.java:266)
at java.util.concurrent.ThreadPoolExecutor.runWorker(ThreadPoolExecutor.java:1149)
at java.util.concurrent.ThreadPoolExecutor$Worker.run(ThreadPoolExecutor.java:624)
at java.lang.Thread.run(Thread.java:748)
... Removed 18 stack frames]]>
    </failure>
  </testcase> <!-- newerIcTest -->
</testsuite> <!-- Test -->
