<?xml version="1.0" encoding="UTF-8"?>
<!-- Generated by org.testng.reporters.JUnitXMLReporter -->
<testsuite hostname="DESKTOP-SAYAK" ignored="0" name="Test" tests="2" failures="2" timestamp="2019-09-08T21:26:40 IST" time="52.967" errors="0">
  <testcase name="xPathClick" time="0.023" classname="com.testCases.FbSignUp">
    <failure type="java.lang.NullPointerException">
      <![CDATA[java.lang.NullPointerException
at com.ObjectRepository.FbXpath.nameFirst(FbXpath.java:57)
at com.testCases.FbSignUp.xPathClick(FbSignUp.java:20)
at java.util.ArrayList.forEach(ArrayList.java:1257)
at java.util.concurrent.FutureTask.run(FutureTask.java:266)
at java.util.concurrent.ThreadPoolExecutor.runWorker(ThreadPoolExecutor.java:1149)
at java.util.concurrent.ThreadPoolExecutor$Worker.run(ThreadPoolExecutor.java:624)
at java.lang.Thread.run(Thread.java:748)
... Removed 18 stack frames]]>
    </failure>
  </testcase> <!-- xPathClick -->
  <testcase name="newerIcTest" time="0.507" classname="com.testCases.HomeButtonClick">
    <failure type="java.lang.NullPointerException">
      <![CDATA[java.lang.NullPointerException
at com.ObjectRepository.FbXpath.clickHome(FbXpath.java:51)
at com.testCases.HomeButtonClick.newerIcTest(HomeButtonClick.java:16)
at java.util.ArrayList.forEach(ArrayList.java:1257)
at java.util.concurrent.FutureTask.run(FutureTask.java:266)
at java.util.concurrent.ThreadPoolExecutor.runWorker(ThreadPoolExecutor.java:1149)
at java.util.concurrent.ThreadPoolExecutor$Worker.run(ThreadPoolExecutor.java:624)
at java.lang.Thread.run(Thread.java:748)
... Removed 18 stack frames]]>
    </failure>
  </testcase> <!-- newerIcTest -->
</testsuite> <!-- Test -->
